<?xml version="1.0" encoding="UTF-8"?>
<robot generator="Robot 3.1.1 (Python 3.7.2 on linux)" generated="20190131 10:49:45.235" rpa="false">
<suite id="s1" name="Demo" source="/home/xuedinge/Code/Python/RobotFramework/Tutorial/TestCases/12-CustomLibrary/demo.robot">
<test id="s1-t1" name="TC 01">
<kw name="Google Search" library="funcs">
<arguments>
<arg>RF</arg>
</arguments>
<assign>
<var>${resp}</var>
</assign>
<msg timestamp="20190131 10:49:45.270" level="INFO">${resp} = Searching RF with google...</msg>
<status status="PASS" starttime="20190131 10:49:45.270" endtime="20190131 10:49:45.270"></status>
</kw>
<kw name="Log To Console" library="BuiltIn">
<doc>Logs the given message to the console.</doc>
<arguments>
<arg>${resp}</arg>
</arguments>
<status status="PASS" starttime="20190131 10:49:45.270" endtime="20190131 10:49:45.271"></status>
</kw>
<kw name="Duckduckgo Search" library="funcs">
<arguments>
<arg>RF</arg>
</arguments>
<assign>
<var>${resp}</var>
</assign>
<msg timestamp="20190131 10:49:45.272" level="INFO">${resp} = Searching RF with duckduckgo...</msg>
<status status="PASS" starttime="20190131 10:49:45.271" endtime="20190131 10:49:45.272"></status>
</kw>
<kw name="Log To Console" library="BuiltIn">
<doc>Logs the given message to the console.</doc>
<arguments>
<arg>${resp}</arg>
</arguments>
<status status="PASS" starttime="20190131 10:49:45.272" endtime="20190131 10:49:45.273"></status>
</kw>
<doc>模块中只包含方法的演示</doc>
<status status="PASS" starttime="20190131 10:49:45.268" endtime="20190131 10:49:45.273" critical="yes"></status>
</test>
<test id="s1-t2" name="TC 02">
<kw name="Create Github Repo" library="ClsWithSameName">
<arguments>
<arg>test_RF</arg>
</arguments>
<assign>
<var>${resp}</var>
</assign>
<msg timestamp="20190131 10:49:45.275" level="INFO">${resp} = Created repo with name: test_RF</msg>
<status status="PASS" starttime="20190131 10:49:45.275" endtime="20190131 10:49:45.275"></status>
</kw>
<kw name="Log To Console" library="BuiltIn">
<doc>Logs the given message to the console.</doc>
<arguments>
<arg>${resp}</arg>
</arguments>
<status status="PASS" starttime="20190131 10:49:45.275" endtime="20190131 10:49:45.276"></status>
</kw>
<kw name="Get Github Repo" library="ClsWithSameName">
<assign>
<var>${resp}</var>
</assign>
<msg timestamp="20190131 10:49:45.276" level="INFO">${resp} = Getting repos now...</msg>
<status status="PASS" starttime="20190131 10:49:45.276" endtime="20190131 10:49:45.276"></status>
</kw>
<kw name="Log To Console" library="BuiltIn">
<doc>Logs the given message to the console.</doc>
<arguments>
<arg>${resp}</arg>
</arguments>
<status status="PASS" starttime="20190131 10:49:45.276" endtime="20190131 10:49:45.277"></status>
</kw>
<doc>模块中使用同名的类</doc>
<status status="PASS" starttime="20190131 10:49:45.274" endtime="20190131 10:49:45.277" critical="yes"></status>
</test>
<test id="s1-t3" name="TC 03">
<kw name="Api Get" library="SubMod">
<assign>
<var>${resp}</var>
</assign>
<msg timestamp="20190131 10:49:45.279" level="INFO">${resp} = API Get Method.</msg>
<status status="PASS" starttime="20190131 10:49:45.279" endtime="20190131 10:49:45.279"></status>
</kw>
<kw name="Log To Console" library="BuiltIn">
<doc>Logs the given message to the console.</doc>
<arguments>
<arg>${resp}</arg>
</arguments>
<status status="PASS" starttime="20190131 10:49:45.279" endtime="20190131 10:49:45.279"></status>
</kw>
<kw name="Api Post" library="SubMod">
<assign>
<var>${resp}</var>
</assign>
<msg timestamp="20190131 10:49:45.280" level="INFO">${resp} = API Post Method</msg>
<status status="PASS" starttime="20190131 10:49:45.280" endtime="20190131 10:49:45.280"></status>
</kw>
<kw name="Log To Console" library="BuiltIn">
<doc>Logs the given message to the console.</doc>
<arguments>
<arg>${resp}</arg>
</arguments>
<status status="PASS" starttime="20190131 10:49:45.280" endtime="20190131 10:49:45.280"></status>
</kw>
<kw name="Api Delete" library="SubMod">
<assign>
<var>${resp}</var>
</assign>
<msg timestamp="20190131 10:49:45.281" level="INFO">${resp} = API Delete Method</msg>
<status status="PASS" starttime="20190131 10:49:45.281" endtime="20190131 10:49:45.281"></status>
</kw>
<kw name="Log To Console" library="BuiltIn">
<doc>Logs the given message to the console.</doc>
<arguments>
<arg>${resp}</arg>
</arguments>
<status status="PASS" starttime="20190131 10:49:45.281" endtime="20190131 10:49:45.282"></status>
</kw>
<doc>使用包</doc>
<status status="PASS" starttime="20190131 10:49:45.278" endtime="20190131 10:49:45.282" critical="yes"></status>
</test>
<status status="PASS" starttime="20190131 10:49:45.235" endtime="20190131 10:49:45.283"></status>
</suite>
<statistics>
<total>
<stat pass="3" fail="0">Critical Tests</stat>
<stat pass="3" fail="0">All Tests</stat>
</total>
<tag>
</tag>
<suite>
<stat pass="3" fail="0" id="s1" name="Demo">Demo</stat>
</suite>
</statistics>
<errors>
</errors>
</robot>
