<?xml version="1.0" encoding="UTF-8"?>
<robot generator="Robot 3.1.1 (Python 3.7.2 on linux)" generated="20190131 16:32:11.519" rpa="false">
<suite id="s1" name="Demo01" source="/home/xuedinge/Code/Python/RobotFramework/Tutorial/TestCases/12-CustomLibrary/demo01.robot">
<test id="s1-t1" name="TC 01">
<kw name="Google Search" library="funcs">
<arguments>
<arg>RF</arg>
</arguments>
<assign>
<var>${resp}</var>
</assign>
<msg timestamp="20190131 16:32:11.554" level="INFO">${resp} = Searching RF with google...</msg>
<status status="PASS" starttime="20190131 16:32:11.554" endtime="20190131 16:32:11.554"></status>
</kw>
<kw name="Log To Console" library="BuiltIn">
<doc>Logs the given message to the console.</doc>
<arguments>
<arg>${resp}</arg>
</arguments>
<status status="PASS" starttime="20190131 16:32:11.555" endtime="20190131 16:32:11.555"></status>
</kw>
<kw name="Duckduckgo Search" library="funcs">
<arguments>
<arg>RF</arg>
</arguments>
<assign>
<var>${resp}</var>
</assign>
<msg timestamp="20190131 16:32:11.556" level="INFO">${resp} = Searching RF with duckduckgo...</msg>
<status status="PASS" starttime="20190131 16:32:11.555" endtime="20190131 16:32:11.556"></status>
</kw>
<kw name="Log To Console" library="BuiltIn">
<doc>Logs the given message to the console.</doc>
<arguments>
<arg>${resp}</arg>
</arguments>
<status status="PASS" starttime="20190131 16:32:11.556" endtime="20190131 16:32:11.559"></status>
</kw>
<doc>模块中只包含方法的演示</doc>
<status status="PASS" starttime="20190131 16:32:11.553" endtime="20190131 16:32:11.559" critical="yes"></status>
</test>
<test id="s1-t2" name="TC 02">
<kw name="Create Github Repo" library="ClsWithSameName">
<arguments>
<arg>test_RF</arg>
</arguments>
<assign>
<var>${resp}</var>
</assign>
<msg timestamp="20190131 16:32:11.561" level="INFO">${resp} = Created repo with name: test_RF</msg>
<status status="PASS" starttime="20190131 16:32:11.561" endtime="20190131 16:32:11.561"></status>
</kw>
<kw name="Log To Console" library="BuiltIn">
<doc>Logs the given message to the console.</doc>
<arguments>
<arg>${resp}</arg>
</arguments>
<status status="PASS" starttime="20190131 16:32:11.562" endtime="20190131 16:32:11.563"></status>
</kw>
<kw name="Get Github Repo" library="ClsWithSameName">
<assign>
<var>${resp}</var>
</assign>
<msg timestamp="20190131 16:32:11.563" level="INFO">${resp} = Getting repos now...</msg>
<status status="PASS" starttime="20190131 16:32:11.563" endtime="20190131 16:32:11.564"></status>
</kw>
<kw name="Log To Console" library="BuiltIn">
<doc>Logs the given message to the console.</doc>
<arguments>
<arg>${resp}</arg>
</arguments>
<status status="PASS" starttime="20190131 16:32:11.564" endtime="20190131 16:32:11.564"></status>
</kw>
<doc>模块中使用同名的类</doc>
<status status="PASS" starttime="20190131 16:32:11.560" endtime="20190131 16:32:11.564" critical="yes"></status>
</test>
<test id="s1-t3" name="TC 03">
<kw name="Api Get" library="SubMod">
<assign>
<var>${resp}</var>
</assign>
<msg timestamp="20190131 16:32:11.567" level="INFO">${resp} = API Get Method.</msg>
<status status="PASS" starttime="20190131 16:32:11.567" endtime="20190131 16:32:11.567"></status>
</kw>
<kw name="Log To Console" library="BuiltIn">
<doc>Logs the given message to the console.</doc>
<arguments>
<arg>${resp}</arg>
</arguments>
<status status="PASS" starttime="20190131 16:32:11.567" endtime="20190131 16:32:11.568"></status>
</kw>
<kw name="Api Post" library="SubMod">
<assign>
<var>${resp}</var>
</assign>
<msg timestamp="20190131 16:32:11.569" level="INFO">${resp} = API Post Method</msg>
<status status="PASS" starttime="20190131 16:32:11.569" endtime="20190131 16:32:11.569"></status>
</kw>
<kw name="Log To Console" library="BuiltIn">
<doc>Logs the given message to the console.</doc>
<arguments>
<arg>${resp}</arg>
</arguments>
<status status="PASS" starttime="20190131 16:32:11.570" endtime="20190131 16:32:11.570"></status>
</kw>
<kw name="Api Delete" library="SubMod">
<assign>
<var>${resp}</var>
</assign>
<msg timestamp="20190131 16:32:11.571" level="INFO">${resp} = API Delete Method</msg>
<status status="PASS" starttime="20190131 16:32:11.571" endtime="20190131 16:32:11.571"></status>
</kw>
<kw name="Log To Console" library="BuiltIn">
<doc>Logs the given message to the console.</doc>
<arguments>
<arg>${resp}</arg>
</arguments>
<status status="PASS" starttime="20190131 16:32:11.571" endtime="20190131 16:32:11.572"></status>
</kw>
<doc>使用包</doc>
<status status="PASS" starttime="20190131 16:32:11.566" endtime="20190131 16:32:11.572" critical="yes"></status>
</test>
<test id="s1-t4" name="TC 04">
<kw name="Delete Github Repo" library="ClsWithSameName.ClsWithDifName">
<arguments>
<arg>RFFF</arg>
</arguments>
<assign>
<var>${resp}</var>
</assign>
<msg timestamp="20190131 16:32:11.573" level="INFO">${resp} = Deleting repo with name: RFFF</msg>
<status status="PASS" starttime="20190131 16:32:11.573" endtime="20190131 16:32:11.573"></status>
</kw>
<kw name="Log To Console" library="BuiltIn">
<doc>Logs the given message to the console.</doc>
<arguments>
<arg>${resp}</arg>
</arguments>
<status status="PASS" starttime="20190131 16:32:11.573" endtime="20190131 16:32:11.574"></status>
</kw>
<status status="PASS" starttime="20190131 16:32:11.573" endtime="20190131 16:32:11.574" critical="yes"></status>
</test>
<status status="PASS" starttime="20190131 16:32:11.519" endtime="20190131 16:32:11.575"></status>
</suite>
<statistics>
<total>
<stat pass="4" fail="0">Critical Tests</stat>
<stat pass="4" fail="0">All Tests</stat>
</total>
<tag>
</tag>
<suite>
<stat pass="4" fail="0" id="s1" name="Demo01">Demo01</stat>
</suite>
</statistics>
<errors>
</errors>
</robot>
