<?xml version="1.0" encoding="UTF-8"?>
<robot generator="Robot 3.1.1 (Python 3.7.2 on darwin)" generated="20190121 22:39:09.614" rpa="false">
<suite id="s1" name="Demo" source="/Users/konglingcun/Code/Python/RobotFramework/RobotFrameworkTutorial/TestCases/05-Arguments/demo.robot">
<test id="s1-t1" name="TC 01">
<kw name="No Operation" library="BuiltIn">
<doc>Does absolutely nothing.</doc>
<status status="PASS" starttime="20190121 22:39:09.667" endtime="20190121 22:39:09.667"></status>
</kw>
<kw name="Create Directory" library="OperatingSystem">
<doc>Creates the specified directory.</doc>
<arguments>
<arg>tmp_dir</arg>
</arguments>
<msg timestamp="20190121 22:39:09.668" level="INFO" html="yes">Created directory '&lt;a href="file:///Users/konglingcun/Code/Python/RobotFramework/RobotFrameworkTutorial/TestCases/05-Arguments/tmp_dir"&gt;/Users/konglingcun/Code/Python/RobotFramework/RobotFrameworkTutorial/TestCases/05-Arguments/tmp_dir&lt;/a&gt;'.</msg>
<status status="PASS" starttime="20190121 22:39:09.668" endtime="20190121 22:39:09.668"></status>
</kw>
<kw name="Copy File" library="OperatingSystem">
<doc>Copies the source file into the destination.</doc>
<arguments>
<arg>a.txt</arg>
<arg>b.txt</arg>
</arguments>
<msg timestamp="20190121 22:39:09.670" level="INFO" html="yes">Copied file from '&lt;a href="file:///Users/konglingcun/Code/Python/RobotFramework/RobotFrameworkTutorial/TestCases/05-Arguments/a.txt"&gt;/Users/konglingcun/Code/Python/RobotFramework/RobotFrameworkTutorial/TestCases/05-Arguments/a.txt&lt;/a&gt;' to '&lt;a href="file:///Users/konglingcun/Code/Python/RobotFramework/RobotFrameworkTutorial/TestCases/05-Arguments/b.txt"&gt;/Users/konglingcun/Code/Python/RobotFramework/RobotFrameworkTutorial/TestCases/05-Arguments/b.txt&lt;/a&gt;'.</msg>
<status status="PASS" starttime="20190121 22:39:09.668" endtime="20190121 22:39:09.670"></status>
</kw>
<status status="PASS" starttime="20190121 22:39:09.666" endtime="20190121 22:39:09.671" critical="yes"></status>
</test>
<status status="PASS" starttime="20190121 22:39:09.616" endtime="20190121 22:39:09.671"></status>
</suite>
<statistics>
<total>
<stat pass="1" fail="0">Critical Tests</stat>
<stat pass="1" fail="0">All Tests</stat>
</total>
<tag>
</tag>
<suite>
<stat pass="1" fail="0" id="s1" name="Demo">Demo</stat>
</suite>
</statistics>
<errors>
</errors>
</robot>
