<?xml version="1.0" encoding="UTF-8"?>
<robot generator="Robot 3.1.1 (Python 3.7.2 on darwin)" generated="20190128 00:03:11.839" rpa="false">
<suite id="s1" name="Demo" source="/Users/konglingcun/Code/Python/RobotFramework/RobotFrameworkTutorial/TestCases/10-IfCondition/demo.robot">
<test id="s1-t1" name="TC 01">
<kw name="Is Prime" library="a">
<arguments>
<arg>${17}</arg>
</arguments>
<assign>
<var>${res}</var>
</assign>
<msg timestamp="20190128 00:03:11.881" level="INFO">${res} = True</msg>
<status status="PASS" starttime="20190128 00:03:11.880" endtime="20190128 00:03:11.881"></status>
</kw>
<kw name="Log To Console" library="BuiltIn">
<doc>Logs the given message to the console.</doc>
<arguments>
<arg>${res}</arg>
</arguments>
<status status="PASS" starttime="20190128 00:03:11.881" endtime="20190128 00:03:11.881"></status>
</kw>
<kw name="Run Keyword If" library="BuiltIn">
<doc>Runs the given keyword with the given arguments, if ``condition`` is true.</doc>
<arguments>
<arg>${res}</arg>
<arg>Log To Console</arg>
<arg>YES</arg>
<arg>ELSE</arg>
<arg>Log To Console</arg>
<arg>FALSE</arg>
</arguments>
<kw name="Log To Console" library="BuiltIn">
<doc>Logs the given message to the console.</doc>
<arguments>
<arg>YES</arg>
</arguments>
<status status="PASS" starttime="20190128 00:03:11.882" endtime="20190128 00:03:11.882"></status>
</kw>
<status status="PASS" starttime="20190128 00:03:11.881" endtime="20190128 00:03:11.882"></status>
</kw>
<status status="PASS" starttime="20190128 00:03:11.880" endtime="20190128 00:03:11.882" critical="yes"></status>
</test>
<status status="PASS" starttime="20190128 00:03:11.841" endtime="20190128 00:03:11.883"></status>
</suite>
<statistics>
<total>
<stat pass="1" fail="0">Critical Tests</stat>
<stat pass="1" fail="0">All Tests</stat>
</total>
<tag>
</tag>
<suite>
<stat pass="1" fail="0" id="s1" name="Demo">Demo</stat>
</suite>
</statistics>
<errors>
</errors>
</robot>
