<?xml version="1.0" encoding="UTF-8"?>
<robot generator="Robot 3.1.1 (Python 3.7.2 on darwin)" generated="20190121 23:12:39.545" rpa="false">
<suite id="s1" name="Demo" source="/Users/konglingcun/Code/Python/RobotFramework/RobotFrameworkTutorial/TestCases/06-Documentation&amp;Tags/demo.robot">
<test id="s1-t1" name="TC 02">
<kw name="Log" library="BuiltIn">
<doc>Logs the given message with the given level.</doc>
<arguments>
<arg>Hello, multi line docs</arg>
</arguments>
<msg timestamp="20190121 23:12:39.581" level="INFO">Hello, multi line docs</msg>
<status status="PASS" starttime="20190121 23:12:39.581" endtime="20190121 23:12:39.581"></status>
</kw>
<doc>Multi line docs. - first line

Second line
third line</doc>
<tags>
<tag>tag_demo</tag>
</tags>
<status status="PASS" starttime="20190121 23:12:39.580" endtime="20190121 23:12:39.581" critical="yes"></status>
</test>
<test id="s1-t2" name="TC 03">
<kw name="Log" library="BuiltIn">
<doc>Logs the given message with the given level.</doc>
<arguments>
<arg>Hello, tags</arg>
</arguments>
<msg timestamp="20190121 23:12:39.583" level="INFO">Hello, tags</msg>
<status status="PASS" starttime="20190121 23:12:39.582" endtime="20190121 23:12:39.583"></status>
</kw>
<tags>
<tag>06</tag>
<tag>tag_demo</tag>
</tags>
<status status="PASS" starttime="20190121 23:12:39.582" endtime="20190121 23:12:39.583" critical="yes"></status>
</test>
<status status="PASS" starttime="20190121 23:12:39.548" endtime="20190121 23:12:39.583"></status>
</suite>
<statistics>
<total>
<stat pass="2" fail="0">Critical Tests</stat>
<stat pass="2" fail="0">All Tests</stat>
</total>
<tag>
<stat pass="1" fail="0">06</stat>
<stat pass="2" fail="0">tag_demo</stat>
</tag>
<suite>
<stat pass="2" fail="0" id="s1" name="Demo">Demo</stat>
</suite>
</statistics>
<errors>
</errors>
</robot>
