<?xml version="1.0" encoding="UTF-8"?>
<robot generator="Robot 3.1.1 (Python 3.7.2 on darwin)" generated="20190121 23:43:27.525" rpa="false">
<suite id="s1" name="Demo" source="/Users/konglingcun/Code/Python/RobotFramework/RobotFrameworkTutorial/TestCases/07-Templates/demo.robot">
<test id="s1-t1" name="TC 01">
<kw name="The result of 1 + 2 is 3">
<kw name="Evaluate" library="BuiltIn">
<doc>Evaluates the given expression in Python and returns the results.</doc>
<arguments>
<arg>${one} + ${two}</arg>
</arguments>
<assign>
<var>${result}</var>
</assign>
<msg timestamp="20190121 23:43:27.554" level="INFO">${result} = 3</msg>
<status status="PASS" starttime="20190121 23:43:27.553" endtime="20190121 23:43:27.554"></status>
</kw>
<kw name="Log" library="BuiltIn">
<doc>Logs the given message with the given level.</doc>
<arguments>
<arg>${result}</arg>
</arguments>
<msg timestamp="20190121 23:43:27.554" level="INFO">3</msg>
<status status="PASS" starttime="20190121 23:43:27.554" endtime="20190121 23:43:27.554"></status>
</kw>
<status status="PASS" starttime="20190121 23:43:27.553" endtime="20190121 23:43:27.554"></status>
</kw>
<status status="PASS" starttime="20190121 23:43:27.552" endtime="20190121 23:43:27.554" critical="yes"></status>
</test>
<status status="PASS" starttime="20190121 23:43:27.527" endtime="20190121 23:43:27.555"></status>
</suite>
<statistics>
<total>
<stat pass="1" fail="0">Critical Tests</stat>
<stat pass="1" fail="0">All Tests</stat>
</total>
<tag>
</tag>
<suite>
<stat pass="1" fail="0" id="s1" name="Demo">Demo</stat>
</suite>
</statistics>
<errors>
</errors>
</robot>
